<?xml version="1.0" encoding="UTF-8"?>
<testsuite xmlns:xsi="http://www.w3.org/2001/XMLSchema-instance" xsi:noNamespaceSchemaLocation="https://maven.apache.org/surefire/maven-surefire-plugin/xsd/surefire-test-report-3.0.xsd" version="3.0" name="com.mycompany.ice_task4.SeriesTest" time="0.149" tests="7" errors="0" skipped="0" failures="0">
  <properties>
[...]
</properties>
  <testcase name="TestSeriesAgeRestriction_SeriesAgeInValid" classname="com.mycompany.ice_task4.SeriesTest" time="0.068">
    <system-out><![CDATA[Enter Series ID: Enter Series Name: Enter Series Age Restriction (2-18): Invalid input! Enter a numeric value.
Enter Series Age Restriction (2-18): Incorrect age! Enter a number between 2 and 18.
Enter Series Age Restriction (2-18): Enter Number of Episodes: 
Series information has been saved successfully!
]]></system-out>
  </testcase>
  <testcase name="TestSeriesAgeRestriction_AgeValid" classname="com.mycompany.ice_task4.SeriesTest" time="0.003">
    <system-out><![CDATA[Enter Series ID: Enter Series Name: Enter Series Age Restriction (2-18): Enter Number of Episodes: 
Series information has been saved successfully!
]]></system-out>
  </testcase>
  <testcase name="TestUpdateSeries" classname="com.mycompany.ice_task4.SeriesTest" time="0.009">
    <system-out><![CDATA[Enter the Series ID to update: Enter new Series Name (current: Old Name): Enter new Age Restriction (2-18) (current: 10): Enter new Number of Episodes (current: 12): 
Series information updated successfully!

]]></system-out>
  </testcase>
  <testcase name="TestDeleteSeries" classname="com.mycompany.ice_task4.SeriesTest" time="0.006">
    <system-out><![CDATA[Enter the Series ID to delete: 
Series found:
Series ID: S001
Series Name: Test Series
Age Restriction: 10
Number of Episodes: 12
Are you sure you want to delete this series? (Y/N): Series deleted successfully!

]]></system-out>
  </testcase>
  <testcase name="TestDeleteSeries_SeriesNotFound" classname="com.mycompany.ice_task4.SeriesTest" time="0.004">
    <system-out><![CDATA[Enter the Series ID to delete: No data can be found.

]]></system-out>
  </testcase>
  <testcase name="TestSearchSerries" classname="com.mycompany.ice_task4.SeriesTest" time="0.002">
    <system-out><![CDATA[Enter the Series ID to search for: 
Series found!
Series ID: S001
Series Name: Test Series
Age Restriction: 10
Number of Episodes: 12
]]></system-out>
  </testcase>
  <testcase name="TestSearchSeries_SeriesNotFound" classname="com.mycompany.ice_task4.SeriesTest" time="0.002">
    <system-out><![CDATA[No series have been added yet.
]]></system-out>
  </testcase>
</testsuite>